<?xml version="1.0" encoding="UTF-8"?>
<!-- Generated by org.testng.reporters.JUnitXMLReporter -->
<testsuite ignored="10" hostname="DELL-RnD" failures="0" tests="3" name="Test(failed)" time="33.755" errors="0" timestamp="2023-02-28T10:24:08 IST">
  <testcase classname="Com.Test.FooterTest" name="navigate1" time="6.152"/>
  <testcase classname="Com.Test.FooterTest" name="navigate2" time="4.338"/>
  <testcase classname="Com.Test.FooterTest" name="navigate3" time="12.306"/>
  <testcase classname="Com.Test.FooterTest" name="testTestimonials" time="0.0">
    <ignored/>
  </testcase> <!-- testTestimonials -->
  <testcase classname="Com.Test.FooterTest" name="testFeedback" time="0.0">
    <ignored/>
  </testcase> <!-- testFeedback -->
  <testcase classname="Com.Test.FooterTest" name="testBecome_a_Partner" time="0.0">
    <ignored/>
  </testcase> <!-- testBecome_a_Partner -->
  <testcase classname="Com.Test.FooterTest" name="testAboutUs" time="0.0">
    <ignored/>
  </testcase> <!-- testAboutUs -->
  <testcase classname="Com.Test.FooterTest" name="testHelpCenter" time="0.0">
    <ignored/>
  </testcase> <!-- testHelpCenter -->
  <testcase classname="Com.Test.FooterTest" name="testGallary" time="0.0">
    <ignored/>
  </testcase> <!-- testGallary -->
  <testcase classname="Com.Test.FooterTest" name="testEvents" time="0.0">
    <ignored/>
  </testcase> <!-- testEvents -->
  <testcase classname="Com.Test.FooterTest" name="testDonation" time="0.0">
    <ignored/>
  </testcase> <!-- testDonation -->
  <testcase classname="Com.Test.FooterTest" name="navigate" time="0.0">
    <ignored/>
  </testcase> <!-- navigate -->
  <testcase classname="Com.Test.FooterTest" name="testOffice_Address" time="0.0">
    <ignored/>
  </testcase> <!-- testOffice_Address -->
</testsuite> <!-- Test(failed) -->
