<?xml version="1.0" encoding="UTF-8"?>
<testng-results ignored="0" total="7" passed="6" failed="1" skipped="0">
  <reporter-output>
  </reporter-output>
  <suite started-at="2023-03-16T18:56:42 IST" name="Default suite" finished-at="2023-03-16T18:58:41 IST" duration-ms="118940">
    <groups>
    </groups>
    <test started-at="2023-03-16T18:56:42 IST" name="Default test" finished-at="2023-03-16T18:58:41 IST" duration-ms="118940">
      <class name="Com.Test.HomeTest">
        <test-method is-config="true" signature="launchTheBrowser()[pri:0, instance:Com.Test.HomeTest@53fdffa1]" started-at="2023-03-16T18:56:42 IST" name="launchTheBrowser" finished-at="2023-03-16T18:56:49 IST" duration-ms="6477" status="PASS">
          <reporter-output>
          </reporter-output>
        </test-method> <!-- launchTheBrowser -->
        <test-method is-config="true" signature="hitTheURL()[pri:0, instance:Com.Test.HomeTest@53fdffa1]" started-at="2023-03-16T18:56:49 IST" name="hitTheURL" finished-at="2023-03-16T18:56:56 IST" duration-ms="7514" status="PASS">
          <reporter-output>
          </reporter-output>
        </test-method> <!-- hitTheURL -->
        <test-method signature="currentURL()[pri:0, instance:Com.Test.HomeTest@53fdffa1]" started-at="2023-03-16T18:56:56 IST" name="currentURL" finished-at="2023-03-16T18:57:03 IST" duration-ms="7441" status="PASS">
          <reporter-output>
          </reporter-output>
        </test-method> <!-- currentURL -->
        <test-method is-config="true" signature="hitTheURL()[pri:0, instance:Com.Test.HomeTest@53fdffa1]" started-at="2023-03-16T18:57:04 IST" name="hitTheURL" finished-at="2023-03-16T18:57:11 IST" duration-ms="7573" status="PASS">
          <reporter-output>
          </reporter-output>
        </test-method> <!-- hitTheURL -->
        <test-method signature="home()[pri:0, instance:Com.Test.HomeTest@53fdffa1]" started-at="2023-03-16T18:57:11 IST" name="home" finished-at="2023-03-16T18:57:30 IST" duration-ms="19241" status="PASS">
          <reporter-output>
          </reporter-output>
        </test-method> <!-- home -->
        <test-method is-config="true" signature="hitTheURL()[pri:0, instance:Com.Test.HomeTest@53fdffa1]" started-at="2023-03-16T18:57:30 IST" name="hitTheURL" finished-at="2023-03-16T18:57:37 IST" duration-ms="6557" status="PASS">
          <reporter-output>
          </reporter-output>
        </test-method> <!-- hitTheURL -->
        <test-method signature="titleTest()[pri:0, instance:Com.Test.HomeTest@53fdffa1]" started-at="2023-03-16T18:57:37 IST" name="titleTest" finished-at="2023-03-16T18:57:42 IST" duration-ms="5009" status="PASS">
          <reporter-output>
          </reporter-output>
        </test-method> <!-- titleTest -->
        <test-method is-config="true" signature="hitTheURL()[pri:0, instance:Com.Test.HomeTest@53fdffa1]" started-at="2023-03-16T18:57:42 IST" name="hitTheURL" finished-at="2023-03-16T18:57:48 IST" duration-ms="6438" status="PASS">
          <reporter-output>
          </reporter-output>
        </test-method> <!-- hitTheURL -->
        <test-method signature="navigate()[pri:6, instance:Com.Test.HomeTest@53fdffa1]" started-at="2023-03-16T18:57:48 IST" name="navigate" finished-at="2023-03-16T18:57:54 IST" duration-ms="5823" status="PASS">
          <reporter-output>
          </reporter-output>
        </test-method> <!-- navigate -->
        <test-method is-config="true" signature="hitTheURL()[pri:0, instance:Com.Test.HomeTest@53fdffa1]" started-at="2023-03-16T18:57:54 IST" name="hitTheURL" finished-at="2023-03-16T18:58:04 IST" duration-ms="9461" status="PASS">
          <reporter-output>
          </reporter-output>
        </test-method> <!-- hitTheURL -->
        <test-method signature="navigate1()[pri:7, instance:Com.Test.HomeTest@53fdffa1]" started-at="2023-03-16T18:58:04 IST" name="navigate1" finished-at="2023-03-16T18:58:09 IST" duration-ms="5481" status="PASS">
          <reporter-output>
          </reporter-output>
        </test-method> <!-- navigate1 -->
        <test-method is-config="true" signature="hitTheURL()[pri:0, instance:Com.Test.HomeTest@53fdffa1]" started-at="2023-03-16T18:58:09 IST" name="hitTheURL" finished-at="2023-03-16T18:58:16 IST" duration-ms="6929" status="PASS">
          <reporter-output>
          </reporter-output>
        </test-method> <!-- hitTheURL -->
        <test-method signature="navigate2()[pri:8, instance:Com.Test.HomeTest@53fdffa1]" started-at="2023-03-16T18:58:16 IST" name="navigate2" finished-at="2023-03-16T18:58:21 IST" duration-ms="5010" status="PASS">
          <reporter-output>
          </reporter-output>
        </test-method> <!-- navigate2 -->
        <test-method is-config="true" signature="hitTheURL()[pri:0, instance:Com.Test.HomeTest@53fdffa1]" started-at="2023-03-16T18:58:21 IST" name="hitTheURL" finished-at="2023-03-16T18:58:28 IST" duration-ms="6716" status="PASS">
          <reporter-output>
          </reporter-output>
        </test-method> <!-- hitTheURL -->
        <test-method signature="navigate3()[pri:9, instance:Com.Test.HomeTest@53fdffa1]" started-at="2023-03-16T18:58:28 IST" name="navigate3" finished-at="2023-03-16T18:58:40 IST" duration-ms="11756" status="FAIL">
          <exception class="org.openqa.selenium.StaleElementReferenceException">
            <message>
              <![CDATA[stale element reference: element is not attached to the page document
  (Session info: chrome=111.0.5563.65)
For documentation on this error, please visit: https://www.seleniumhq.org/exceptions/stale_element_reference.html
Build info: version: '3.141.59', revision: 'e82be7d358', time: '2018-11-14T08:17:03'
System info: host: 'DELL-RND', ip: '192.168.1.18', os.name: 'Windows 10', os.arch: 'amd64', os.version: '10.0', java.version: '17.0.3'
Driver info: org.openqa.selenium.chrome.ChromeDriver
Capabilities {acceptInsecureCerts: false, browserName: chrome, browserVersion: 111.0.5563.65, chrome: {chromedriverVersion: 111.0.5563.64 (c710e93d5b63..., userDataDir: C:\Users\RnD\AppData\Local\...}, goog:chromeOptions: {debuggerAddress: localhost:56518}, javascriptEnabled: true, networkConnectionEnabled: false, pageLoadStrategy: normal, platform: WINDOWS, platformName: WINDOWS, proxy: Proxy(), setWindowRect: true, strictFileInteractability: false, timeouts: {implicit: 0, pageLoad: 300000, script: 30000}, unhandledPromptBehavior: dismiss and notify, webauthn:extension:credBlob: true, webauthn:extension:largeBlob: true, webauthn:extension:minPinLength: true, webauthn:extension:prf: true, webauthn:virtualAuthenticators: true}
Session ID: 18c6e4b3555098cc50e68ae55f4422f0]]>
            </message>
            <full-stacktrace>
              <![CDATA[org.openqa.selenium.StaleElementReferenceException: stale element reference: element is not attached to the page document
  (Session info: chrome=111.0.5563.65)
For documentation on this error, please visit: https://www.seleniumhq.org/exceptions/stale_element_reference.html
Build info: version: '3.141.59', revision: 'e82be7d358', time: '2018-11-14T08:17:03'
System info: host: 'DELL-RND', ip: '192.168.1.18', os.name: 'Windows 10', os.arch: 'amd64', os.version: '10.0', java.version: '17.0.3'
Driver info: org.openqa.selenium.chrome.ChromeDriver
Capabilities {acceptInsecureCerts: false, browserName: chrome, browserVersion: 111.0.5563.65, chrome: {chromedriverVersion: 111.0.5563.64 (c710e93d5b63..., userDataDir: C:\Users\RnD\AppData\Local\...}, goog:chromeOptions: {debuggerAddress: localhost:56518}, javascriptEnabled: true, networkConnectionEnabled: false, pageLoadStrategy: normal, platform: WINDOWS, platformName: WINDOWS, proxy: Proxy(), setWindowRect: true, strictFileInteractability: false, timeouts: {implicit: 0, pageLoad: 300000, script: 30000}, unhandledPromptBehavior: dismiss and notify, webauthn:extension:credBlob: true, webauthn:extension:largeBlob: true, webauthn:extension:minPinLength: true, webauthn:extension:prf: true, webauthn:virtualAuthenticators: true}
Session ID: 18c6e4b3555098cc50e68ae55f4422f0
at java.base/jdk.internal.reflect.NativeConstructorAccessorImpl.newInstance0(Native Method)
at java.base/jdk.internal.reflect.NativeConstructorAccessorImpl.newInstance(NativeConstructorAccessorImpl.java:77)
at java.base/jdk.internal.reflect.DelegatingConstructorAccessorImpl.newInstance(DelegatingConstructorAccessorImpl.java:45)
at java.base/java.lang.reflect.Constructor.newInstanceWithCaller(Constructor.java:499)
at java.base/java.lang.reflect.Constructor.newInstance(Constructor.java:480)
at org.openqa.selenium.remote.http.W3CHttpResponseCodec.createException(W3CHttpResponseCodec.java:187)
at org.openqa.selenium.remote.http.W3CHttpResponseCodec.decode(W3CHttpResponseCodec.java:122)
at org.openqa.selenium.remote.http.W3CHttpResponseCodec.decode(W3CHttpResponseCodec.java:49)
at org.openqa.selenium.remote.HttpCommandExecutor.execute(HttpCommandExecutor.java:158)
at org.openqa.selenium.remote.service.DriverCommandExecutor.execute(DriverCommandExecutor.java:83)
at org.openqa.selenium.remote.RemoteWebDriver.execute(RemoteWebDriver.java:552)
at org.openqa.selenium.remote.RemoteWebDriver.executeScript(RemoteWebDriver.java:489)
at Base.com.Base.clickElement(Base.java:27)
at Com.Pom.Footer.clickOnHelp_Center(Footer.java:61)
at Com.Test.common.FooterTest.navigate3(FooterTest.java:58)
at java.base/jdk.internal.reflect.NativeMethodAccessorImpl.invoke0(Native Method)
at java.base/jdk.internal.reflect.NativeMethodAccessorImpl.invoke(NativeMethodAccessorImpl.java:77)
at java.base/jdk.internal.reflect.DelegatingMethodAccessorImpl.invoke(DelegatingMethodAccessorImpl.java:43)
at java.base/java.lang.reflect.Method.invoke(Method.java:568)
at org.testng.internal.MethodInvocationHelper.invokeMethod(MethodInvocationHelper.java:133)
at org.testng.internal.TestInvoker.invokeMethod(TestInvoker.java:598)
at org.testng.internal.TestInvoker.invokeTestMethod(TestInvoker.java:173)
at org.testng.internal.MethodRunner.runInSequence(MethodRunner.java:46)
at org.testng.internal.TestInvoker$MethodInvocationAgent.invoke(TestInvoker.java:824)
at org.testng.internal.TestInvoker.invokeTestMethods(TestInvoker.java:146)
at org.testng.internal.TestMethodWorker.invokeTestMethods(TestMethodWorker.java:146)
at org.testng.internal.TestMethodWorker.run(TestMethodWorker.java:128)
at java.base/java.util.ArrayList.forEach(ArrayList.java:1511)
at org.testng.TestRunner.privateRun(TestRunner.java:794)
at org.testng.TestRunner.run(TestRunner.java:596)
at org.testng.SuiteRunner.runTest(SuiteRunner.java:377)
at org.testng.SuiteRunner.runSequentially(SuiteRunner.java:371)
at org.testng.SuiteRunner.privateRun(SuiteRunner.java:332)
at org.testng.SuiteRunner.run(SuiteRunner.java:276)
at org.testng.SuiteRunnerWorker.runSuite(SuiteRunnerWorker.java:53)
at org.testng.SuiteRunnerWorker.run(SuiteRunnerWorker.java:96)
at org.testng.TestNG.runSuitesSequentially(TestNG.java:1212)
at org.testng.TestNG.runSuitesLocally(TestNG.java:1134)
at org.testng.TestNG.runSuites(TestNG.java:1063)
at org.testng.TestNG.run(TestNG.java:1031)
at org.testng.remote.AbstractRemoteTestNG.run(AbstractRemoteTestNG.java:115)
at org.testng.remote.RemoteTestNG.initAndRun(RemoteTestNG.java:251)
at org.testng.remote.RemoteTestNG.main(RemoteTestNG.java:77)
]]>
            </full-stacktrace>
          </exception> <!-- org.openqa.selenium.StaleElementReferenceException -->
          <reporter-output>
          </reporter-output>
        </test-method> <!-- navigate3 -->
        <test-method is-config="true" signature="closeBrowser()[pri:0, instance:Com.Test.HomeTest@53fdffa1]" started-at="2023-03-16T18:58:40 IST" name="closeBrowser" finished-at="2023-03-16T18:58:41 IST" duration-ms="1363" status="PASS">
          <reporter-output>
          </reporter-output>
        </test-method> <!-- closeBrowser -->
      </class> <!-- Com.Test.HomeTest -->
    </test> <!-- Default test -->
  </suite> <!-- Default suite -->
</testng-results>
